
Starting:    C:\Microsemi\Libero_SoC_v11.8\SynplifyPro\bin64\mbin\synbatch.exe
Install:     C:\Microsemi\Libero_SoC_v11.8\SynplifyPro
Hostname:    DESKTOP-Q33MJTI
Date:        Fri Apr 05 22:53:54 2019
Version:     L-2016.09M-2

Arguments:   -product synplify_pro -licensetype synplifypro_actel -batch -log synplify.log Mario_Libero_syn.tcl
ProductType: synplify_pro

License checkout: synplifypro_actel
License: synplifypro_actel from server 10.7.2.33 
Licensed Vendor: actel
License Option: actel_oem

Running in Vendor Mode


Warning: File already exists in project: "C:\Users\bwrc\Desktop\HyperFlexEMG_190405_21Class\constraint\andy_clock_constraint.sdc"
Warning: File already exists in project: "C:\Users\bwrc\Desktop\HyperFlexEMG_190405_21Class\constraint\andy_clock_constraint.sdc"
Warning: File already exists in project: "C:\Users\bwrc\Desktop\HyperFlexEMG_190405_21Class\constraint\andy_clock_constraint.sdc"
Warning: File already exists in project: "C:\Users\bwrc\Desktop\HyperFlexEMG_190405_21Class\constraint\andy_clock_constraint.sdc"
Warning: File already exists in project: "C:\Users\bwrc\Desktop\HyperFlexEMG_190405_21Class\constraint\andy_clock_constraint.sdc"
Warning: File already exists in project: "C:\Users\bwrc\Desktop\HyperFlexEMG_190405_21Class\constraint\andy_clock_constraint.sdc"
Warning: File already exists in project: "C:\Users\bwrc\Desktop\HyperFlexEMG_190405_21Class\constraint\andy_clock_constraint.sdc"
Warning: File already exists in project: "C:\Users\bwrc\Desktop\HyperFlexEMG_190405_21Class\constraint\andy_clock_constraint.sdc"
Warning: File already exists in project: "C:\Users\bwrc\Desktop\HyperFlexEMG_190405_21Class\constraint\andy_clock_constraint.sdc"
Warning: File already exists in project: "C:\Users\bwrc\Desktop\HyperFlexEMG_190405_21Class\constraint\andy_clock_constraint.sdc"
Warning: File already exists in project: "C:\Users\bwrc\Desktop\HyperFlexEMG_190405_21Class\constraint\andy_clock_constraint.sdc"
Warning: File already exists in project: "C:\Users\bwrc\Desktop\HyperFlexEMG_190405_21Class\constraint\andy_clock_constraint.sdc"
Warning: File already exists in project: "C:\Users\bwrc\Desktop\HyperFlexEMG_190405_21Class\constraint\andy_clock_constraint.sdc"
Warning: File already exists in project: "C:\Users\bwrc\Desktop\HyperFlexEMG_190405_21Class\constraint\andy_clock_constraint.sdc"
Warning: File already exists in project: "C:\Users\bwrc\Desktop\HyperFlexEMG_190405_21Class\constraint\andy_clock_constraint.sdc"
Warning: File already exists in project: "C:\Users\bwrc\Desktop\HyperFlexEMG_190405_21Class\constraint\andy_clock_constraint.sdc"
Warning: File already exists in project: "C:\Users\bwrc\Desktop\HyperFlexEMG_190405_21Class\constraint\andy_clock_constraint.sdc"
Warning: File already exists in project: "C:\Users\bwrc\Desktop\HyperFlexEMG_190405_21Class\constraint\andy_clock_constraint.sdc"
Warning: File already exists in project: "C:\Users\bwrc\Desktop\HyperFlexEMG_190405_21Class\constraint\andy_clock_constraint.sdc"
Warning: File already exists in project: "C:\Users\bwrc\Desktop\HyperFlexEMG_190405_21Class\constraint\andy_clock_constraint.sdc"
Warning: File already exists in project: "C:\Users\bwrc\Desktop\HyperFlexEMG_190405_21Class\constraint\andy_clock_constraint.sdc"
Warning: File already exists in project: "C:\Users\bwrc\Desktop\HyperFlexEMG_190405_21Class\constraint\andy_clock_constraint.sdc"
Warning: File already exists in project: "C:\Users\bwrc\Desktop\HyperFlexEMG_190405_21Class\constraint\andy_clock_constraint.sdc"
Warning: File already exists in project: "C:\Users\bwrc\Desktop\HyperFlexEMG_190405_21Class\constraint\andy_clock_constraint.sdc"
Warning: File already exists in project: "C:\Users\bwrc\Desktop\HyperFlexEMG_190405_21Class\constraint\andy_clock_constraint.sdc"
Warning: File already exists in project: "C:\Users\bwrc\Desktop\HyperFlexEMG_190405_21Class\constraint\andy_clock_constraint.sdc"
Warning: File already exists in project: "C:\Users\bwrc\Desktop\HyperFlexEMG_190405_21Class\constraint\andy_clock_constraint.sdc"
Warning: File already exists in project: "C:\Users\bwrc\Desktop\HyperFlexEMG_190405_21Class\constraint\andy_clock_constraint.sdc"
Warning: File already exists in project: "C:\Users\bwrc\Desktop\HyperFlexEMG_190405_21Class\constraint\andy_clock_constraint.sdc"
Warning: File already exists in project: "C:\Users\bwrc\Desktop\HyperFlexEMG_190405_21Class\constraint\andy_clock_constraint.sdc"
Warning: File already exists in project: "C:\Users\bwrc\Desktop\HyperFlexEMG_190405_21Class\constraint\andy_clock_constraint.sdc"
Warning: File already exists in project: "C:\Users\bwrc\Desktop\HyperFlexEMG_190405_21Class\constraint\andy_clock_constraint.sdc"
Warning: File already exists in project: "C:\Users\bwrc\Desktop\HyperFlexEMG_190405_21Class\constraint\andy_clock_constraint.sdc"
Warning: File already exists in project: "C:\Users\bwrc\Desktop\HyperFlexEMG_190405_21Class\constraint\andy_clock_constraint.sdc"
Warning: File already exists in project: "C:\Users\bwrc\Desktop\HyperFlexEMG_190405_21Class\constraint\andy_clock_constraint.sdc"
Warning: File already exists in project: "C:\Users\bwrc\Desktop\HyperFlexEMG_190405_21Class\constraint\andy_clock_constraint.sdc"
Warning: File already exists in project: "C:\Users\bwrc\Desktop\HyperFlexEMG_190405_21Class\constraint\andy_clock_constraint.sdc"
Warning: File already exists in project: "C:\Users\bwrc\Desktop\HyperFlexEMG_190405_21Class\constraint\andy_clock_constraint.sdc"
Warning: File already exists in project: "C:\Users\bwrc\Desktop\HyperFlexEMG_190405_21Class\constraint\andy_clock_constraint.sdc"
Warning: File already exists in project: "C:\Users\bwrc\Desktop\HyperFlexEMG_190405_21Class\constraint\andy_clock_constraint.sdc"
Warning: File already exists in project: "C:\Users\bwrc\Desktop\HyperFlexEMG_190405_21Class\constraint\andy_clock_constraint.sdc"
Warning: File already exists in project: "C:\Users\bwrc\Desktop\HyperFlexEMG_190405_21Class\constraint\andy_clock_constraint.sdc"
Warning: File already exists in project: "C:\Users\bwrc\Desktop\HyperFlexEMG_190405_21Class\constraint\andy_clock_constraint.sdc"
Warning: File already exists in project: "C:\Users\bwrc\Desktop\HyperFlexEMG_190405_21Class\constraint\andy_clock_constraint.sdc"
Warning: File already exists in project: "C:\Users\bwrc\Desktop\HyperFlexEMG_190405_21Class\constraint\andy_clock_constraint.sdc"
Warning: File already exists in project: "C:\Users\bwrc\Desktop\HyperFlexEMG_190405_21Class\constraint\andy_clock_constraint.sdc"
Warning: File already exists in project: "C:\Users\bwrc\Desktop\HyperFlexEMG_190405_21Class\constraint\andy_clock_constraint.sdc"
Warning: File already exists in project: "C:\Users\bwrc\Desktop\HyperFlexEMG_190405_21Class\constraint\andy_clock_constraint.sdc"
Warning: File already exists in project: "C:\Users\bwrc\Desktop\HyperFlexEMG_190405_21Class\constraint\andy_clock_constraint.sdc"
Warning: File already exists in project: "C:\Users\bwrc\Desktop\HyperFlexEMG_190405_21Class\constraint\andy_clock_constraint.sdc"
Warning: File already exists in project: "C:\Users\bwrc\Desktop\HyperFlexEMG_190405_21Class\constraint\andy_clock_constraint.sdc"
Warning: File already exists in project: "C:\Users\bwrc\Desktop\HyperFlexEMG_190405_21Class\constraint\andy_clock_constraint.sdc"
Warning: File already exists in project: "C:\Users\bwrc\Desktop\HyperFlexEMG_190405_21Class\constraint\andy_clock_constraint.sdc"
Warning: File already exists in project: "C:\Users\bwrc\Desktop\HyperFlexEMG_190405_21Class\constraint\andy_clock_constraint.sdc"
Warning: File already exists in project: "C:\Users\bwrc\Desktop\HyperFlexEMG_190405_21Class\hdl\const.vh"
auto_infer_blackbox is not supported in current product.

log file: "C:\Users\bwrc\Desktop\HyperFlexEMG_190405_21Class\synthesis\Mario_Libero.srr"

Running: synthesis in foreground



Running Mario_Libero_syn|synthesis


Running: compile (Compile) on Mario_Libero_syn|synthesis
# Fri Apr 05 22:53:54 2019


Running: compile_flow (Compile Process) on Mario_Libero_syn|synthesis
# Fri Apr 05 22:53:54 2019


Running: compiler (Compile Input) on Mario_Libero_syn|synthesis
# Fri Apr 05 22:53:54 2019

Copied C:\Users\bwrc\Desktop\HyperFlexEMG_190405_21Class\synthesis\synwork\Mario_Libero_comp.srs to C:\Users\bwrc\Desktop\HyperFlexEMG_190405_21Class\synthesis\Mario_Libero.srs

Warning: File does not exist: C:\Users\bwrc\Desktop\HyperFlexEMG_190405_21Class_GOLDEN\hdl\const.vh

Warning: File does not exist: C:\Users\bwrc\Desktop\HyperFlexEMG_190405_21Class_GOLDEN_13Class\hdl\const.vh

Warning: File does not exist: C:\Users\bwrc\Desktop\HyperFlexEMG_190405_21Class_GOLDEN_13Class_190225-Noon\HyperFlexEG\hdl\const.vh


compiler completed
# Fri Apr 05 22:54:13 2019

Return Code: 0
Run Time:00h:00m:19s


Running: multi_srs_gen (Multi-srs Generator) on Mario_Libero_syn|synthesis
# Fri Apr 05 22:54:13 2019

Warning: File does not exist: C:\Users\bwrc\Desktop\HyperFlexEMG_190405_21Class_GOLDEN\hdl\const.vh

Warning: File does not exist: C:\Users\bwrc\Desktop\HyperFlexEMG_190405_21Class_GOLDEN_13Class\hdl\const.vh

Warning: File does not exist: C:\Users\bwrc\Desktop\HyperFlexEMG_190405_21Class_GOLDEN_13Class_190225-Noon\HyperFlexEG\hdl\const.vh


multi_srs_gen completed
# Fri Apr 05 22:54:15 2019

Return Code: 0
Run Time:00h:00m:02s

Copied C:\Users\bwrc\Desktop\HyperFlexEMG_190405_21Class\synthesis\synwork\Mario_Libero_mult.srs to C:\Users\bwrc\Desktop\HyperFlexEMG_190405_21Class\synthesis\Mario_Libero.srs

Complete: Compile Process on Mario_Libero_syn|synthesis


Running: premap (Pre-mapping) on Mario_Libero_syn|synthesis
# Fri Apr 05 22:54:15 2019

Warning: File does not exist: C:\Users\bwrc\Desktop\HyperFlexEMG_190405_21Class_GOLDEN\hdl\const.vh

Warning: File does not exist: C:\Users\bwrc\Desktop\HyperFlexEMG_190405_21Class_GOLDEN_13Class\hdl\const.vh

Warning: File does not exist: C:\Users\bwrc\Desktop\HyperFlexEMG_190405_21Class_GOLDEN_13Class_190225-Noon\HyperFlexEG\hdl\const.vh


premap completed
# Fri Apr 05 22:54:26 2019

Return Code: 0
Run Time:00h:00m:11s

Complete: Compile on Mario_Libero_syn|synthesis


Running: map (Map) on Mario_Libero_syn|synthesis
# Fri Apr 05 22:54:26 2019

License granted for 4 parallel jobs


Running: fpga_mapper (Map & Optimize) on Mario_Libero_syn|synthesis
# Fri Apr 05 22:54:26 2019

Copied C:\Users\bwrc\Desktop\HyperFlexEMG_190405_21Class\synthesis\synwork\Mario_Libero_m.srm to C:\Users\bwrc\Desktop\HyperFlexEMG_190405_21Class\synthesis\Mario_Libero.srm

Warning: File does not exist: C:\Users\bwrc\Desktop\HyperFlexEMG_190405_21Class_GOLDEN\hdl\const.vh

Warning: File does not exist: C:\Users\bwrc\Desktop\HyperFlexEMG_190405_21Class_GOLDEN_13Class\hdl\const.vh

Warning: File does not exist: C:\Users\bwrc\Desktop\HyperFlexEMG_190405_21Class_GOLDEN_13Class_190225-Noon\HyperFlexEG\hdl\const.vh


fpga_mapper completed with warnings
# Fri Apr 05 23:00:29 2019

Return Code: 1
Run Time:00h:06m:03s

Complete: Map on Mario_Libero_syn|synthesis

Complete: Logic Synthesis on Mario_Libero_syn|synthesis

TCL script complete: "Mario_Libero_syn.tcl"

exit status=0

exit status=0

License checkin: synplifypro_actel

