C:\Microsemi\Libero_SoC_v11.8\SynplifyPro\bin64\c_hdl.exe  -osyn  C:\Users\bwrc\Desktop\HyperFlexEMG_190405_21Class\synthesis\synwork\Mario_Libero_comp.srs  -top  Mario_Libero  -hdllog  C:\Users\bwrc\Desktop\HyperFlexEMG_190405_21Class\synthesis\synlog\Mario_Libero_compiler.srr  -encrypt  -mp  4  -verification_mode 0  -verilog  -prodtype  synplify_pro  -infer_seqShift -primux -dspmac -pqdpadd -fixsmult -sdff_counter -divnmod -nram   -I C:\Users\bwrc\Desktop\HyperFlexEMG_190405_21Class\synthesis\  -I C:\Microsemi\Libero_SoC_v11.8\SynplifyPro\lib   -v2001  -devicelib  C:\Microsemi\Libero_SoC_v11.8\SynplifyPro\lib\generic\smartfusion2.v  -encrypt  -pro  -dmgen  C:\Users\bwrc\Desktop\HyperFlexEMG_190405_21Class\synthesis\dm  -ui -fid2 -ram -sharing on -ll 2000 -autosm  -lib work C:\Users\bwrc\Desktop\HyperFlexEMG_190405_21Class\component\work\Mario_Libero\CoreGPIO_0\rtl\vlog\core\coregpio.v -lib work C:\Users\bwrc\Desktop\HyperFlexEMG_190405_21Class\component\work\Mario_Libero\FCCC_0\Mario_Libero_FCCC_0_FCCC.v -lib work C:\Users\bwrc\Desktop\HyperFlexEMG_190405_21Class\component\work\Mario_Libero_MSS\Mario_Libero_MSS_syn.v -lib work C:\Users\bwrc\Desktop\HyperFlexEMG_190405_21Class\component\work\Mario_Libero_MSS\Mario_Libero_MSS.v -lib work C:\Users\bwrc\Desktop\HyperFlexEMG_190405_21Class\component\Actel\SgCore\OSC\2.0.101\osc_comps.v -lib work C:\Users\bwrc\Desktop\HyperFlexEMG_190405_21Class\component\work\Mario_Libero\OSC_0\Mario_Libero_OSC_0_OSC.v -lib work C:\Users\bwrc\Desktop\HyperFlexEMG_190405_21Class\hdl\cm_if_apb.v -lib work C:\Users\bwrc\Desktop\HyperFlexEMG_190405_21Class\hdl\fifo_error_decoder.v -lib work C:\Users\bwrc\Desktop\HyperFlexEMG_190405_21Class\hdl\ack_datapath.v -lib work C:\Users\bwrc\Desktop\HyperFlexEMG_190405_21Class\component\work\ADCFIFO\ADCFIFO_0\rtl\vlog\core\corefifo_doubleSync.v -lib work C:\Users\bwrc\Desktop\HyperFlexEMG_190405_21Class\component\work\ADCFIFO\ADCFIFO_0\rtl\vlog\core\corefifo_grayToBinConv.v -lib work C:\Users\bwrc\Desktop\HyperFlexEMG_190405_21Class\component\work\ADCFIFO\ADCFIFO_0\rtl\vlog\core\corefifo_async.v -lib work C:\Users\bwrc\Desktop\HyperFlexEMG_190405_21Class\component\work\ADCFIFO\ADCFIFO_0\rtl\vlog\core\corefifo_fwft.v -lib work C:\Users\bwrc\Desktop\HyperFlexEMG_190405_21Class\component\work\ADCFIFO\ADCFIFO_0\rtl\vlog\core\corefifo_sync.v -lib work C:\Users\bwrc\Desktop\HyperFlexEMG_190405_21Class\component\work\ADCFIFO\ADCFIFO_0\rtl\vlog\core\corefifo_sync_scntr.v -lib work C:\Users\bwrc\Desktop\HyperFlexEMG_190405_21Class\component\work\ADCFIFO\ADCFIFO_0\rtl\vlog\core\ADCFIFO_ADCFIFO_0_LSRAM_top.v -lib work C:\Users\bwrc\Desktop\HyperFlexEMG_190405_21Class\component\work\ADCFIFO\ADCFIFO_0\rtl\vlog\core\ADCFIFO_ADCFIFO_0_ram_wrapper.v -lib work C:\Users\bwrc\Desktop\HyperFlexEMG_190405_21Class\component\work\ADCFIFO\ADCFIFO_0\rtl\vlog\core\COREFIFO.v -lib work C:\Users\bwrc\Desktop\HyperFlexEMG_190405_21Class\component\work\ADCFIFO\ADCFIFO.v -lib work C:\Users\bwrc\Desktop\HyperFlexEMG_190405_21Class\hdl\ADCMEM_DP.v -lib work C:\Users\bwrc\Desktop\HyperFlexEMG_190405_21Class\hdl\adc_frame_buffer.v -lib work C:\Users\bwrc\Desktop\HyperFlexEMG_190405_21Class\hdl\adc_vector_compressor.v -lib work C:\Users\bwrc\Desktop\HyperFlexEMG_190405_21Class\hdl\associative_memory.v -lib work C:\Users\bwrc\Desktop\HyperFlexEMG_190405_21Class\hdl\fifo.v -lib work C:\Users\bwrc\Desktop\HyperFlexEMG_190405_21Class\hdl\feature_encoder.v -lib work C:\Users\bwrc\Desktop\HyperFlexEMG_190405_21Class\hdl\cellular_automaton.v -lib work C:\Users\bwrc\Desktop\HyperFlexEMG_190405_21Class\hdl\spatial_accumulator.v -lib work C:\Users\bwrc\Desktop\HyperFlexEMG_190405_21Class\hdl\spatial_encoder_N_pong.v -lib work C:\Users\bwrc\Desktop\HyperFlexEMG_190405_21Class\hdl\bundle_counter.v -lib work C:\Users\bwrc\Desktop\HyperFlexEMG_190405_21Class\hdl\temporal_encoder_counter.v -lib work C:\Users\bwrc\Desktop\HyperFlexEMG_190405_21Class\hdl\hdc_top.v -lib work C:\Users\bwrc\Desktop\HyperFlexEMG_190405_21Class\component\work\adc_datapath\adc_datapath.v -lib work C:\Users\bwrc\Desktop\HyperFlexEMG_190405_21Class\hdl\nmic_rx.v -lib work C:\Users\bwrc\Desktop\HyperFlexEMG_190405_21Class\hdl\nmic_tx.v -lib work C:\Users\bwrc\Desktop\HyperFlexEMG_190405_21Class\hdl\twoMHz_strobe.v -lib work C:\Users\bwrc\Desktop\HyperFlexEMG_190405_21Class\component\work\nm_channel\nm_channel.v -lib work C:\Users\bwrc\Desktop\HyperFlexEMG_190405_21Class\hdl\nm_if_apb.v -lib work C:\Users\bwrc\Desktop\HyperFlexEMG_190405_21Class\component\work\PDMAFIFO\PDMAFIFO_0\rtl\vlog\core\corefifo_doubleSync.v -lib work C:\Users\bwrc\Desktop\HyperFlexEMG_190405_21Class\component\work\PDMAFIFO\PDMAFIFO_0\rtl\vlog\core\corefifo_grayToBinConv.v -lib work C:\Users\bwrc\Desktop\HyperFlexEMG_190405_21Class\component\work\PDMAFIFO\PDMAFIFO_0\rtl\vlog\core\corefifo_async.v -lib work C:\Users\bwrc\Desktop\HyperFlexEMG_190405_21Class\component\work\PDMAFIFO\PDMAFIFO_0\rtl\vlog\core\corefifo_fwft.v -lib work C:\Users\bwrc\Desktop\HyperFlexEMG_190405_21Class\component\work\PDMAFIFO\PDMAFIFO_0\rtl\vlog\core\corefifo_sync.v -lib work C:\Users\bwrc\Desktop\HyperFlexEMG_190405_21Class\component\work\PDMAFIFO\PDMAFIFO_0\rtl\vlog\core\corefifo_sync_scntr.v -lib work C:\Users\bwrc\Desktop\HyperFlexEMG_190405_21Class\component\work\PDMAFIFO\PDMAFIFO_0\rtl\vlog\core\PDMAFIFO_PDMAFIFO_0_USRAM_top.v -lib work C:\Users\bwrc\Desktop\HyperFlexEMG_190405_21Class\component\work\PDMAFIFO\PDMAFIFO_0\rtl\vlog\core\PDMAFIFO_PDMAFIFO_0_ram_wrapper.v -lib work C:\Users\bwrc\Desktop\HyperFlexEMG_190405_21Class\component\work\PDMAFIFO\PDMAFIFO_0\rtl\vlog\core\COREFIFO.v -lib work C:\Users\bwrc\Desktop\HyperFlexEMG_190405_21Class\component\work\PDMAFIFO\PDMAFIFO.v -lib work C:\Users\bwrc\Desktop\HyperFlexEMG_190405_21Class\hdl\pdma_if.v -lib work C:\Users\bwrc\Desktop\HyperFlexEMG_190405_21Class\component\work\nm_if\nm_if.v -lib work C:\Users\bwrc\Desktop\HyperFlexEMG_190405_21Class\component\work\cm_top\cm_top.v -lib COREAPB3_LIB C:\Users\bwrc\Desktop\HyperFlexEMG_190405_21Class\component\Actel\DirectCore\CoreAPB3\4.1.100\rtl\vlog\core_obfuscated\coreapb3_muxptob3.v -lib COREAPB3_LIB C:\Users\bwrc\Desktop\HyperFlexEMG_190405_21Class\component\Actel\DirectCore\CoreAPB3\4.1.100\rtl\vlog\core_obfuscated\coreapb3_iaddr_reg.v -lib COREAPB3_LIB C:\Users\bwrc\Desktop\HyperFlexEMG_190405_21Class\component\Actel\DirectCore\CoreAPB3\4.1.100\rtl\vlog\core_obfuscated\coreapb3.v -lib work C:\Users\bwrc\Desktop\HyperFlexEMG_190405_21Class\component\work\Mario_Libero\Mario_Libero.v 
rc:0 success:1 runtime:19
file:C:\Users\bwrc\Desktop\HyperFlexEMG_190405_21Class\synthesis\synwork\Mario_Libero_comp.srs|io:o|time:1554497652|size:661406|exec:0
file:C:\Users\bwrc\Desktop\HyperFlexEMG_190405_21Class\synthesis\synlog\Mario_Libero_compiler.srr|io:o|time:1554497652|size:76865|exec:0
file:C:\Microsemi\Libero_SoC_v11.8\SynplifyPro\lib\generic\smartfusion2.v|io:i|time:1487941628|size:16359|exec:0
file:C:\Users\bwrc\Desktop\HyperFlexEMG_190405_21Class\component\work\Mario_Libero\CoreGPIO_0\rtl\vlog\core\coregpio.v|io:i|time:1552696372|size:29300|exec:0
file:C:\Users\bwrc\Desktop\HyperFlexEMG_190405_21Class\component\work\Mario_Libero\FCCC_0\Mario_Libero_FCCC_0_FCCC.v|io:i|time:1552696372|size:1837|exec:0
file:C:\Users\bwrc\Desktop\HyperFlexEMG_190405_21Class\component\work\Mario_Libero_MSS\Mario_Libero_MSS_syn.v|io:i|time:1552696372|size:56279|exec:0
file:C:\Users\bwrc\Desktop\HyperFlexEMG_190405_21Class\component\work\Mario_Libero_MSS\Mario_Libero_MSS.v|io:i|time:1552696372|size:52699|exec:0
file:C:\Users\bwrc\Desktop\HyperFlexEMG_190405_21Class\component\Actel\SgCore\OSC\2.0.101\osc_comps.v|io:i|time:1552696368|size:924|exec:0
file:C:\Users\bwrc\Desktop\HyperFlexEMG_190405_21Class\component\work\Mario_Libero\OSC_0\Mario_Libero_OSC_0_OSC.v|io:i|time:1552696372|size:539|exec:0
file:C:\Users\bwrc\Desktop\HyperFlexEMG_190405_21Class\hdl\cm_if_apb.v|io:i|time:1552696384|size:8866|exec:0
file:C:\Users\bwrc\Desktop\HyperFlexEMG_190405_21Class\hdl\fifo_error_decoder.v|io:i|time:1552696384|size:4271|exec:0
file:C:\Users\bwrc\Desktop\HyperFlexEMG_190405_21Class\hdl\ack_datapath.v|io:i|time:1552696384|size:4627|exec:0
file:C:\Users\bwrc\Desktop\HyperFlexEMG_190405_21Class\component\work\ADCFIFO\ADCFIFO_0\rtl\vlog\core\corefifo_doubleSync.v|io:i|time:1552696371|size:3004|exec:0
file:C:\Users\bwrc\Desktop\HyperFlexEMG_190405_21Class\component\work\ADCFIFO\ADCFIFO_0\rtl\vlog\core\corefifo_grayToBinConv.v|io:i|time:1552696371|size:2733|exec:0
file:C:\Users\bwrc\Desktop\HyperFlexEMG_190405_21Class\component\work\ADCFIFO\ADCFIFO_0\rtl\vlog\core\corefifo_async.v|io:i|time:1552696371|size:46646|exec:0
file:C:\Users\bwrc\Desktop\HyperFlexEMG_190405_21Class\component\work\ADCFIFO\ADCFIFO_0\rtl\vlog\core\corefifo_fwft.v|io:i|time:1552696371|size:10548|exec:0
file:C:\Users\bwrc\Desktop\HyperFlexEMG_190405_21Class\component\work\ADCFIFO\ADCFIFO_0\rtl\vlog\core\corefifo_sync.v|io:i|time:1552696371|size:29142|exec:0
file:C:\Users\bwrc\Desktop\HyperFlexEMG_190405_21Class\component\work\ADCFIFO\ADCFIFO_0\rtl\vlog\core\corefifo_sync_scntr.v|io:i|time:1552696371|size:20050|exec:0
file:C:\Users\bwrc\Desktop\HyperFlexEMG_190405_21Class\component\work\ADCFIFO\ADCFIFO_0\rtl\vlog\core\ADCFIFO_ADCFIFO_0_LSRAM_top.v|io:i|time:1552696371|size:2056|exec:0
file:C:\Users\bwrc\Desktop\HyperFlexEMG_190405_21Class\component\work\ADCFIFO\ADCFIFO_0\rtl\vlog\core\ADCFIFO_ADCFIFO_0_ram_wrapper.v|io:i|time:1552696371|size:1754|exec:0
file:C:\Users\bwrc\Desktop\HyperFlexEMG_190405_21Class\component\work\ADCFIFO\ADCFIFO_0\rtl\vlog\core\COREFIFO.v|io:i|time:1552696371|size:52679|exec:0
file:C:\Users\bwrc\Desktop\HyperFlexEMG_190405_21Class\component\work\ADCFIFO\ADCFIFO.v|io:i|time:1552696371|size:4923|exec:0
file:C:\Users\bwrc\Desktop\HyperFlexEMG_190405_21Class\hdl\ADCMEM_DP.v|io:i|time:1552696384|size:1118|exec:0
file:C:\Users\bwrc\Desktop\HyperFlexEMG_190405_21Class\hdl\adc_frame_buffer.v|io:i|time:1552696384|size:1339|exec:0
file:C:\Users\bwrc\Desktop\HyperFlexEMG_190405_21Class\hdl\adc_vector_compressor.v|io:i|time:1552696384|size:6253|exec:0
file:C:\Users\bwrc\Desktop\HyperFlexEMG_190405_21Class\hdl\associative_memory.v|io:i|time:1552696384|size:7061|exec:0
file:C:\Users\bwrc\Desktop\HyperFlexEMG_190405_21Class\hdl\fifo.v|io:i|time:1552696384|size:2102|exec:0
file:C:\Users\bwrc\Desktop\HyperFlexEMG_190405_21Class\hdl\feature_encoder.v|io:i|time:1552696384|size:6066|exec:0
file:C:\Users\bwrc\Desktop\HyperFlexEMG_190405_21Class\hdl\cellular_automaton.v|io:i|time:1552696384|size:1236|exec:0
file:C:\Users\bwrc\Desktop\HyperFlexEMG_190405_21Class\hdl\spatial_accumulator.v|io:i|time:1552696384|size:1400|exec:0
file:C:\Users\bwrc\Desktop\HyperFlexEMG_190405_21Class\hdl\spatial_encoder_N_pong.v|io:i|time:1553377682|size:6205|exec:0
file:C:\Users\bwrc\Desktop\HyperFlexEMG_190405_21Class\hdl\bundle_counter.v|io:i|time:1553724671|size:1544|exec:0
file:C:\Users\bwrc\Desktop\HyperFlexEMG_190405_21Class\hdl\temporal_encoder_counter.v|io:i|time:1553377682|size:8193|exec:0
file:C:\Users\bwrc\Desktop\HyperFlexEMG_190405_21Class\hdl\hdc_top.v|io:i|time:1554489327|size:4503|exec:0
file:C:\Users\bwrc\Desktop\HyperFlexEMG_190405_21Class\component\work\adc_datapath\adc_datapath.v|io:i|time:1552933835|size:9568|exec:0
file:C:\Users\bwrc\Desktop\HyperFlexEMG_190405_21Class\hdl\nmic_rx.v|io:i|time:1552696384|size:6914|exec:0
file:C:\Users\bwrc\Desktop\HyperFlexEMG_190405_21Class\hdl\nmic_tx.v|io:i|time:1552696384|size:6545|exec:0
file:C:\Users\bwrc\Desktop\HyperFlexEMG_190405_21Class\hdl\twoMHz_strobe.v|io:i|time:1552696385|size:1005|exec:0
file:C:\Users\bwrc\Desktop\HyperFlexEMG_190405_21Class\component\work\nm_channel\nm_channel.v|io:i|time:1552696373|size:11055|exec:0
file:C:\Users\bwrc\Desktop\HyperFlexEMG_190405_21Class\hdl\nm_if_apb.v|io:i|time:1552696610|size:8730|exec:0
file:C:\Users\bwrc\Desktop\HyperFlexEMG_190405_21Class\component\work\PDMAFIFO\PDMAFIFO_0\rtl\vlog\core\corefifo_doubleSync.v|io:i|time:1552696373|size:3006|exec:0
file:C:\Users\bwrc\Desktop\HyperFlexEMG_190405_21Class\component\work\PDMAFIFO\PDMAFIFO_0\rtl\vlog\core\corefifo_grayToBinConv.v|io:i|time:1552696373|size:2735|exec:0
file:C:\Users\bwrc\Desktop\HyperFlexEMG_190405_21Class\component\work\PDMAFIFO\PDMAFIFO_0\rtl\vlog\core\corefifo_async.v|io:i|time:1552696373|size:47786|exec:0
file:C:\Users\bwrc\Desktop\HyperFlexEMG_190405_21Class\component\work\PDMAFIFO\PDMAFIFO_0\rtl\vlog\core\corefifo_fwft.v|io:i|time:1552696373|size:10550|exec:0
file:C:\Users\bwrc\Desktop\HyperFlexEMG_190405_21Class\component\work\PDMAFIFO\PDMAFIFO_0\rtl\vlog\core\corefifo_sync.v|io:i|time:1552696373|size:30743|exec:0
file:C:\Users\bwrc\Desktop\HyperFlexEMG_190405_21Class\component\work\PDMAFIFO\PDMAFIFO_0\rtl\vlog\core\corefifo_sync_scntr.v|io:i|time:1552696373|size:20359|exec:0
file:C:\Users\bwrc\Desktop\HyperFlexEMG_190405_21Class\component\work\PDMAFIFO\PDMAFIFO_0\rtl\vlog\core\PDMAFIFO_PDMAFIFO_0_USRAM_top.v|io:i|time:1552696373|size:4441|exec:0
file:C:\Users\bwrc\Desktop\HyperFlexEMG_190405_21Class\component\work\PDMAFIFO\PDMAFIFO_0\rtl\vlog\core\PDMAFIFO_PDMAFIFO_0_ram_wrapper.v|io:i|time:1552696373|size:2385|exec:0
file:C:\Users\bwrc\Desktop\HyperFlexEMG_190405_21Class\component\work\PDMAFIFO\PDMAFIFO_0\rtl\vlog\core\COREFIFO.v|io:i|time:1552696373|size:61443|exec:0
file:C:\Users\bwrc\Desktop\HyperFlexEMG_190405_21Class\component\work\PDMAFIFO\PDMAFIFO.v|io:i|time:1552696373|size:5383|exec:0
file:C:\Users\bwrc\Desktop\HyperFlexEMG_190405_21Class\hdl\pdma_if.v|io:i|time:1552696384|size:6605|exec:0
file:C:\Users\bwrc\Desktop\HyperFlexEMG_190405_21Class\component\work\nm_if\nm_if.v|io:i|time:1552696373|size:16354|exec:0
file:C:\Users\bwrc\Desktop\HyperFlexEMG_190405_21Class\component\work\cm_top\cm_top.v|io:i|time:1552696371|size:8255|exec:0
file:C:\Users\bwrc\Desktop\HyperFlexEMG_190405_21Class\component\Actel\DirectCore\CoreAPB3\4.1.100\rtl\vlog\core_obfuscated\coreapb3_muxptob3.v|io:i|time:1552696361|size:6765|exec:0
file:C:\Users\bwrc\Desktop\HyperFlexEMG_190405_21Class\component\Actel\DirectCore\CoreAPB3\4.1.100\rtl\vlog\core_obfuscated\coreapb3_iaddr_reg.v|io:i|time:1552696361|size:3556|exec:0
file:C:\Users\bwrc\Desktop\HyperFlexEMG_190405_21Class\component\Actel\DirectCore\CoreAPB3\4.1.100\rtl\vlog\core_obfuscated\coreapb3.v|io:i|time:1552696361|size:32806|exec:0
file:C:\Users\bwrc\Desktop\HyperFlexEMG_190405_21Class\component\work\Mario_Libero\Mario_Libero.v|io:i|time:1552696371|size:24858|exec:0
file:C:\Microsemi\Libero_SoC_v11.8\SynplifyPro\bin\c_hdl.exe|io:i|time:1479373564|size:1337856|exec:1
file:C:\Microsemi\Libero_SoC_v11.8\SynplifyPro\bin64\c_hdl.exe|io:i|time:1479373768|size:1973248|exec:1
